                                                                                 



                                   


        E  C  H  O  P  R  I  N  T    of input data 
       ==========================

     1* RKK ECHO=N SPRA=E TEST=R SIFI='..\..\TASKS\deadl1\deadl1.erg'
      Echoprint not selected    
  

 
 
 
 
 I N P U T S         --   Program  ROHR2       SIPG/32.1   --   Page      1
 Commiss.   TEST PROJECT                         Date  18.01.01  01:01:01
 
   CCC   ************************************************************   CCC
   CCC       Nozzle loads                                               CCC
   CCC   ************************************************************   CCC


    I  N  P  U  T   R  E  C  O  R  D                ANALYSIS OF RESULTS
    ================================


  COMBINATION OF LOAD CASES CALCULATED BY ROHR2   

  with program  ROHR2  Version 32.1   

 
   THE CALCULATION IS ONLY CARRIED OUT FOR THE FOLLOWING POINTS: 


     Line       Point   Pos  Text for section

       1        N1    v ZE                             ABSOLUT 
       2        N2    n ZE                             ABSOLUT
       3        N3    n ZE                             ABSOLUT 
       4        N4    n ZE                  		   ABSOLUT 
       5        N5    n ZE                       	   ABSOLUT 
       6        N6    v ZE                        	   ABSOLUT 
       7        N7    n ZE                             ABSOLUT 
       8        N8    n ZE  					       ABSOLUT 
       9        N9    n ZE  					       ABSOLUT 
       10       N10   v ZE  				           ABSOLUT 


  
 
 R E S U L T S       --   Program  ROHR2       SIPG/32.1   --   Page      4

 


  L i n e      1     P o i n t   N1     v ZE                               
  Absolute Coordinate System                                          
                                                                             
  Nozzle                                                                                                                          

  LoadCase              ZWX      ZWY      ZWZ       ZQX      ZQY      ZQZ
                        ZPX      ZPY      ZPZ       ZMX      ZMY      ZMZ
                         mm       mm       mm        kN       kN       kN
                        deg      deg      deg       kNm      kNm      kNm
 
  DL                  -0.00    -0.00    -0.00     0.403    0.064   -4.295
                       0.00    -0.00    -0.00    -0.326    1.442    0.415

  OPE1                 0.38    -2.57     5.09    -8.576    0.032    7.079
                       0.00     0.00    -0.00     3.642   14.673    0.277

  OPE2                 0.38    -2.57     5.09   -10.657   -0.131   10.213
                       0.00    -0.00    -0.00     3.497   12.410    0.077

  EQ1_X                0.00    -0.00     0.00     4.888    0.076    0.217
                       0.00    -0.00     0.00    -0.070   -2.948    0.348

  EQ1_Y                0.00    -0.00     0.00    -0.026    0.962    0.023
                      -0.00     0.00    -0.00    -0.018   -0.015    1.550

  EQ2_X                0.00    -0.00     0.00     1.458    0.023    0.064
                       0.00     0.00     0.00    -0.021   -0.879    0.104

  EQ2_Y               -0.00     0.00    -0.00    -0.087    3.225    0.076
                      -0.00    -0.00    -0.00    -0.063   -0.049    5.200

  --------------------------------------------------------------------------                                                      
  Extreme value        0.38    -2.57     5.09   -15.545   -3.357   10.431
                       0.00    -0.00    -0.00     3.715   17.621    5.616

  HT                   0.00     0.00     0.00     4.301   -0.048  -47.182
                       0.00     0.00    -0.00    -0.299   37.321    0.286

  --------------------------------------------------------------------------                                                      

 
 
 
 
 R E S U L T S       --   Program  ROHR2       SIPG/32.1   --   Page      5
 Commiss.   
 


  L i n e      2     P o i n t   N2     n ZE                               
  Spec. coordinate system :          P1 = Q4    P2 = 101   P3 = &007  
  Xs=  0.708  0.000 -0.707 Ys=  0.000  1.000  0.000 Zs=  0.707  0.000  0.708 
  Nozzle                                                                                                                          

  LoadCase              ZWX      ZWY      ZWZ       ZQX      ZQY      ZQZ
                        ZPX      ZPY      ZPZ       ZMX      ZMY      ZMZ
                         mm       mm       mm        kN       kN       kN
                        deg      deg      deg       kNm      kNm      kNm
 
  DL                   0.00     0.00     0.00     1.123   -0.130   -1.092
                       0.00     0.00     0.00    -0.062    0.733   -0.181

  OPE1                -1.07    -2.76    -1.99    -0.240   -0.033    2.046
                       0.00     0.00     0.00    -2.508   -2.316   -0.320

  OPE2                -1.07    -2.76    -1.99    -0.249   -0.034    2.039
                       0.00     0.00     0.00    -2.509   -2.315   -0.323

  EQ1_X                0.00     0.00     0.00     1.223    0.077    1.031
                       0.00     0.00     0.00     0.137   -0.019    0.191

  EQ1_Y                0.00     0.00     0.00     0.001    0.100   -0.009
                       0.00     0.00     0.00    -0.070    0.006    0.007

  EQ2_X                0.00     0.00     0.00     0.364    0.023    0.307
                       0.00     0.00     0.00     0.041   -0.006    0.057

  EQ2_Y                0.00     0.00     0.00     0.002    0.336   -0.030
                       0.00     0.00     0.00    -0.237    0.020    0.023

  --------------------------------------------------------------------------                                                      
  Extreme value       -1.07    -2.76    -1.99     2.346   -0.467    3.077
                       0.00     0.00     0.00    -2.749   -2.337   -0.513

  HT                   0.00     0.00     0.00     1.093   -0.138   -1.060
                       0.00     0.00     0.00    -0.062    0.697   -0.189

  --------------------------------------------------------------------------                                                      

 
 
 
 
 R E S U L T S       --   Program  ROHR2       SIPG/32.1   --   Page      6
 Commiss.   
 


  L i n e      3    P o i n t   N3   n ZE                
  Absolute Coordinate System                                          
                                                                             
  Nozzle                                                                                                                          

  LoadCase              ZWX      ZWY      ZWZ       ZQX      ZQY      ZQZ
                        ZPX      ZPY      ZPZ       ZMX      ZMY      ZMZ
                         mm       mm       mm        kN       kN       kN
                        deg      deg      deg       kNm      kNm      kNm
 
  DL                   0.00     0.00     0.00    -0.001    0.009   -0.274
                       0.00     0.00     0.00     0.022   -0.021    0.010

  OPE1                -7.70    14.30    -7.50    -0.119   -0.496    0.495
                       0.00     0.00     0.00     0.176   -0.055   -0.119

  OPE2                -7.70    14.30    -7.50    -0.040   -0.451    0.304
                       0.00     0.00     0.00     0.046   -0.113   -0.137

  EQ1_X                0.00     0.00     0.00     0.134    0.011   -0.118
                       0.00     0.00     0.00    -0.131   -0.209    0.067

  EQ1_Y                0.00     0.00     0.00     0.008    0.159   -0.049
                       0.00     0.00     0.00     0.139   -0.000   -0.004

  EQ2_X                0.00     0.00     0.00     0.040    0.003   -0.035
                       0.00     0.00     0.00    -0.039   -0.062    0.020

  EQ2_Y                0.00     0.00     0.00     0.027    0.531   -0.164
                       0.00     0.00     0.00     0.464   -0.001   -0.013

  --------------------------------------------------------------------------                                                      
  Extreme value       -7.70    14.30    -7.50    -0.253   -1.027    0.662
                       0.00     0.00     0.00     0.641   -0.321   -0.204

  HT                   0.00     0.00     0.00    -0.101   -0.091    0.726
                       0.00     0.00     0.00     0.610    0.095    0.007

  --------------------------------------------------------------------------                                                      

 
 
 
 
 R E S U L T S       --   Program  ROHR2       SIPG/32.1   --   Page      7
 Commiss.  
 


  L i n e      4    P o i n t   N4     n ZE                     
  Absolute Coordinate System                                          
                                                                             
  Nozzle                                                                                                                          

  LoadCase              ZWX      ZWY      ZWZ       ZQX      ZQY      ZQZ
                        ZPX      ZPY      ZPZ       ZMX      ZMY      ZMZ
                         mm       mm       mm        kN       kN       kN
                        deg      deg      deg       kNm      kNm      kNm
 
  DL                   0.00     0.00     0.00     0.005    0.040   -0.051
                       0.00     0.00     0.00     0.031    0.016   -0.033

  OPE1               -18.40    18.00     4.60     0.110   -0.197   -0.005
                       0.00     0.00     0.00     0.002    0.021   -0.004

  OPE2               -18.40    18.00     4.60     0.110   -0.197   -0.005
                       0.00     0.00     0.00     0.002    0.021   -0.004

  EQ1_X                0.00     0.00     0.00     0.091    0.010   -0.004
                       0.00     0.00     0.00     0.006    0.011   -0.069

  EQ1_Y                0.00     0.00     0.00    -0.003    0.031    0.001
                       0.00     0.00     0.00     0.002    0.002   -0.012

  EQ2_X                0.00     0.00     0.00     0.027    0.003   -0.001
                       0.00     0.00     0.00     0.002    0.003   -0.021

  EQ2_Y                0.00     0.00     0.00    -0.010    0.105    0.004
                       0.00     0.00     0.00     0.005    0.005   -0.042

  --------------------------------------------------------------------------                                                      
  Extreme value      -18.40    18.00     4.60     0.201   -0.302   -0.056
                       0.00     0.00     0.00     0.038    0.032   -0.103

  HT                   0.00     0.00     0.00     0.047   -0.107    0.169
                       0.00     0.00     0.00     0.110    0.114   -0.015

  --------------------------------------------------------------------------                                                      

 
 
 
 
 R E S U L T S       --   Program  ROHR2       SIPG/32.1   --   Page      8
 Commiss.   
 


  L i n e      5    P o i n t   N5   n ZE                         
  Absolute Coordinate System                                          
                                                                             
  Nozzle                                                                                                                          

  LoadCase              ZWX      ZWY      ZWZ       ZQX      ZQY      ZQZ
                        ZPX      ZPY      ZPZ       ZMX      ZMY      ZMZ
                         mm       mm       mm        kN       kN       kN
                        deg      deg      deg       kNm      kNm      kNm
 
  DL                   0.00     0.00     0.00    -0.056    0.005   -0.150
                       0.00     0.00     0.00     0.002    0.007    0.002

  OPE1               -14.40    17.60    -8.20     0.069   -0.121    0.233
                       0.00     0.00     0.00    -0.152    0.074    0.085

  OPE2               -14.40    17.60    -8.20     0.092   -0.149    0.056
                       0.00     0.00     0.00    -0.194   -0.055    0.114

  EQ1_X                0.00     0.00     0.00     0.115   -0.000   -0.037
                       0.00     0.00     0.00     0.015   -0.075   -0.036

  EQ1_Y                0.00     0.00     0.00     0.000    0.039    0.003
                       0.00     0.00     0.00     0.017    0.001   -0.006

  EQ2_X                0.00     0.00     0.00     0.034   -0.000   -0.011
                       0.00     0.00     0.00     0.005   -0.022   -0.011

  EQ2_Y                0.00     0.00     0.00     0.000    0.132    0.010
                       0.00     0.00     0.00     0.056    0.005   -0.021

  --------------------------------------------------------------------------                                                      
  Extreme value      -14.40    17.60    -8.20     0.207   -0.281    0.270
                       0.00     0.00     0.00    -0.250    0.148    0.150

  HT                   0.00     0.00     0.00     0.022    0.022    0.620
                       0.00     0.00     0.00     0.035    0.276   -0.048

  --------------------------------------------------------------------------                                                      

 
 
 
 
 R E S U L T S       --   Program  ROHR2       SIPG/32.1   --   Page      9
 Commiss.   
 


  L i n e      6    P o i n t   N6    v ZE                           
  Absolute Coordinate System                                          
                                                                             
  Nozzle                                                                                                                          

  LoadCase              ZWX      ZWY      ZWZ       ZQX      ZQY      ZQZ
                        ZPX      ZPY      ZPZ       ZMX      ZMY      ZMZ
                         mm       mm       mm        kN       kN       kN
                        deg      deg      deg       kNm      kNm      kNm
 
  DL                   0.00    -0.00     0.00     0.001   -0.008   -0.086
                       0.00    -0.00    -0.00     0.012   -0.005   -0.004

  OPE1                -0.00    23.75    -2.00     0.008   -0.053   -0.120
                      -0.00     0.00    -0.00    -0.008    0.008   -0.020

  OPE2                -0.00    23.75    -2.00    -0.000   -0.002   -0.108
                       0.00     0.00     0.00     0.024    0.006   -0.002

  EQ1_X                0.00     0.00     0.00     0.068   -0.012   -0.011
                      -0.00     0.00    -0.00    -0.003   -0.041    0.015

  EQ1_Y               -0.00    -0.00     0.00    -0.005    0.032    0.007
                       0.00    -0.00     0.00     0.017    0.001    0.007

  EQ2_X                0.00    -0.00     0.00     0.020   -0.004   -0.003
                       0.00     0.00    -0.00    -0.001   -0.012    0.005

  EQ2_Y                0.00    -0.00     0.00    -0.018    0.107    0.025
                       0.00     0.00    -0.00     0.056    0.004    0.023

  --------------------------------------------------------------------------                                                      
  Extreme value        0.00    23.75    -2.00     0.077   -0.160   -0.145
                       0.00    -0.00    -0.00     0.080    0.049   -0.043

  HT                  -0.00    -0.00     0.00    -0.001   -0.005   -0.005
                       0.00     0.00     0.00    -0.007   -0.022   -0.006

  --------------------------------------------------------------------------                                                      

 
 
 
 
 R E S U L T S       --   Program  ROHR2       SIPG/32.1   --   Page     10
 Commiss.   
 


  L i n e      7    P o i n t   N7    n ZE                           
  Absolute Coordinate System                                          
                                                                             
  Nozzle                                                                                                                          

  LoadCase              ZWX      ZWY      ZWZ       ZQX      ZQY      ZQZ
                        ZPX      ZPY      ZPZ       ZMX      ZMY      ZMZ
                         mm       mm       mm        kN       kN       kN
                        deg      deg      deg       kNm      kNm      kNm
 
  DL                   0.00     0.00     0.00     0.001    0.000   -0.045
                       0.00     0.00     0.00    -0.003    0.005    0.001

  OPE1                 0.00    21.00     0.00     0.001    0.000   -0.059
                       0.00     0.00     0.00    -0.003    0.015    0.001

  OPE2                 0.00    21.00     0.00     0.001   -0.003   -0.070
                       0.00     0.00     0.00    -0.004    0.021   -0.001

  EQ1_X                0.00     0.00     0.00     0.039   -0.000   -0.004
                       0.00     0.00     0.00     0.001   -0.019   -0.003

  EQ1_Y                0.00     0.00     0.00    -0.004    0.025    0.007
                       0.00     0.00     0.00     0.014   -0.002    0.012

  EQ2_X                0.00     0.00     0.00     0.012   -0.000   -0.001
                       0.00     0.00     0.00     0.000   -0.006   -0.001

  EQ2_Y                0.00     0.00     0.00    -0.012    0.084    0.025
                       0.00     0.00     0.00     0.046   -0.005    0.041

  --------------------------------------------------------------------------                                                      
  Extreme value        0.00    21.00     0.00     0.040   -0.087   -0.095
                       0.00     0.00     0.00    -0.050    0.040    0.042

  HT                   0.00     0.00     0.00    -0.002    0.000    0.023
                       0.00     0.00     0.00     0.000   -0.024   -0.003

  --------------------------------------------------------------------------                                                      

 
 
 
 
 R E S U L T S       --   Program  ROHR2       SIPG/32.1   --   Page     11
 Commiss.   
 


  L i n e      8    P o i n t   N8  n ZE       
  Absolute Coordinate System                                          
                                                                             
  Nozzle                                                                                                                          

  LoadCase              ZWX      ZWY      ZWZ       ZQX      ZQY      ZQZ
                        ZPX      ZPY      ZPZ       ZMX      ZMY      ZMZ
                         mm       mm       mm        kN       kN       kN
                        deg      deg      deg       kNm      kNm      kNm
 
  DL                   0.00     0.00     0.00     0.036   -0.027   -0.056
                       0.00     0.00     0.00    -0.119    0.014    0.005

  OPE1                -7.70   -14.30    -7.50    -0.302    0.693    0.670
                       0.00     0.00     0.00    -0.036    0.154    0.099

  OPE2                -7.70   -14.30    -7.50    -0.211    0.629    0.542
                       0.00     0.00     0.00     0.020    0.063    0.160

  EQ1_X                0.00     0.00     0.00     0.199   -0.080   -0.010
                       0.00     0.00     0.00    -0.132   -0.112    0.099

  EQ1_Y                0.00     0.00     0.00     0.000    0.090    0.011
                       0.00     0.00     0.00     0.065   -0.005   -0.011

  EQ2_X                0.00     0.00     0.00     0.060   -0.024   -0.003
                       0.00     0.00     0.00    -0.040   -0.034    0.030

  EQ2_Y                0.00     0.00     0.00     0.000    0.302    0.037
                       0.00     0.00     0.00     0.217   -0.017   -0.037

  --------------------------------------------------------------------------                                                      
  Extreme value       -7.70   -14.30    -7.50    -0.501    0.996    0.708
                       0.00     0.00     0.00    -0.339    0.267    0.260

  HT                   0.00     0.00     0.00     0.073    0.008    0.417
                       0.00     0.00     0.00    -0.348    0.062    0.154

  --------------------------------------------------------------------------                                                      

 
 
 
 
 R E S U L T S       --   Program  ROHR2       SIPG/32.1   --   Page     12
 Commiss.   
 


  L i n e      9    P o i n t   N9   n ZE        
  Absolute Coordinate System                                          
                                                                             
  Nozzle                                                                                                                          

  LoadCase              ZWX      ZWY      ZWZ       ZQX      ZQY      ZQZ
                        ZPX      ZPY      ZPZ       ZMX      ZMY      ZMZ
                         mm       mm       mm        kN       kN       kN
                        deg      deg      deg       kNm      kNm      kNm
 
  DL                   0.00     0.00     0.00    -0.063    0.016   -0.387
                       0.00     0.00     0.00     0.020   -0.018   -0.025

  OPE1               -14.40   -17.60    -8.20    -0.029    0.053    0.212
                       0.00     0.00     0.00     0.121    0.173   -0.053

  OPE2               -14.40   -17.60    -8.20    -0.025    0.069   -0.016
                       0.00     0.00     0.00     0.150    0.058   -0.064

  EQ1_X                0.00     0.00     0.00     0.131   -0.000    0.032
                       0.00     0.00     0.00    -0.001   -0.061    0.002

  EQ1_Y                0.00     0.00     0.00    -0.001    0.042    0.001
                       0.00     0.00     0.00     0.027    0.001   -0.022

  EQ2_X                0.00     0.00     0.00     0.039   -0.000    0.010
                       0.00     0.00     0.00    -0.000   -0.018    0.001

  EQ2_Y                0.00     0.00     0.00    -0.003    0.139    0.002
                       0.00     0.00     0.00     0.091    0.004   -0.075

  --------------------------------------------------------------------------                                                      
  Extreme value      -14.40   -17.60    -8.20    -0.193    0.208   -0.418
                       0.00     0.00     0.00     0.241    0.234   -0.139

  HT                   0.00     0.00     0.00     0.074   -0.004    0.159
                       0.00     0.00     0.00     0.002    0.025   -0.013

  --------------------------------------------------------------------------                                                      

 
 
 
 
 R E S U L T S       --   Program  ROHR2       SIPG/32.1   --   Page     13
 Commiss.   
 


  L i n e      10    P o i n t   N10     v ZE              
  Absolute Coordinate System                                          
                                                                             
  Nozzle                                                                                                                          

  LoadCase              ZWX      ZWY      ZWZ       ZQX      ZQY      ZQZ
                        ZPX      ZPY      ZPZ       ZMX      ZMY      ZMZ
                         mm       mm       mm        kN       kN       kN
                        deg      deg      deg       kNm      kNm      kNm
 
  DL                   0.00     0.00    -0.00    -0.005   -0.009   -0.072
                       0.00     0.00     0.00     0.001   -0.008   -0.009

  OPE1               -18.40   -18.00     4.60    -0.009    0.101    0.010
                       0.00    -0.00     0.00    -0.019    0.028   -0.050

  OPE2               -18.40   -18.00     4.60    -0.010    0.100    0.010
                       0.00    -0.00     0.00    -0.019    0.028   -0.050

  EQ1_X               -0.00    -0.00     0.00     0.118   -0.003   -0.004
                       0.00    -0.00    -0.00     0.001   -0.009    0.073

  EQ1_Y               -0.00     0.00    -0.00     0.004    0.040    0.004
                      -0.00     0.00     0.00    -0.000    0.001   -0.017

  EQ2_X                0.00    -0.00     0.00     0.035   -0.001   -0.001
                       0.00    -0.00    -0.00     0.000   -0.003    0.022

  EQ2_Y               -0.00     0.00     0.00     0.014    0.133    0.014
                       0.00     0.00     0.00    -0.001    0.002   -0.058

  --------------------------------------------------------------------------                                                      
  Extreme value      -18.40   -18.00     4.60    -0.128    0.234   -0.086
                       0.00     0.00     0.00    -0.021    0.037   -0.125

  HT                   0.00     0.00    -0.00    -0.004   -0.011    0.075
                      -0.00     0.00    -0.00    -0.025    0.060   -0.002

  --------------------------------------------------------------------------                                                      


        E  C  H  O  P  R  I  N  T    of input data 
       ==========================




       R O H R 2  P R O G R A M   E N D   R E A C H E D        
       ================================================       

             
                               
